<?xml version="1.0" encoding="UTF-8"?>
<testng-results skipped="0" failed="0" ignored="0" total="1" passed="1">
  <reporter-output>
  </reporter-output>
  <suite name="Default suite" duration-ms="37566" started-at="2020-02-27T18:40:20 CST" finished-at="2020-02-27T18:40:58 CST">
    <groups>
    </groups>
    <test name="Default test" duration-ms="37566" started-at="2020-02-27T18:40:20 CST" finished-at="2020-02-27T18:40:58 CST">
      <class name="test.NewAccountTest">
        <test-method status="PASS" signature="initialization()[pri:0, instance:test.NewAccountTest@7ee8290b]" name="initialization" is-config="true" duration-ms="9000" started-at="2020-02-27T18:40:20 CST" finished-at="2020-02-27T18:40:29 CST">
          <reporter-output>
          </reporter-output>
        </test-method> <!-- initialization -->
        <test-method status="PASS" signature="addNewAccount()[pri:1, instance:test.NewAccountTest@7ee8290b]" name="addNewAccount" duration-ms="23771" started-at="2020-02-27T18:40:29 CST" finished-at="2020-02-27T18:40:53 CST">
          <reporter-output>
          </reporter-output>
        </test-method> <!-- addNewAccount -->
        <test-method status="PASS" signature="exitBrowser()[pri:0, instance:test.NewAccountTest@7ee8290b]" name="exitBrowser" is-config="true" duration-ms="4729" started-at="2020-02-27T18:40:53 CST" finished-at="2020-02-27T18:40:58 CST">
          <reporter-output>
          </reporter-output>
        </test-method> <!-- exitBrowser -->
      </class> <!-- test.NewAccountTest -->
    </test> <!-- Default test -->
  </suite> <!-- Default suite -->
</testng-results>
