<?xml version="1.0" encoding="UTF-8"?>
<testng-results skipped="0" failed="0" ignored="0" total="1" passed="1">
  <reporter-output>
  </reporter-output>
  <suite name="Default suite" duration-ms="23618" started-at="2020-02-26T02:05:03 CST" finished-at="2020-02-26T02:05:27 CST">
    <groups>
    </groups>
    <test name="Default test" duration-ms="23618" started-at="2020-02-26T02:05:03 CST" finished-at="2020-02-26T02:05:27 CST">
      <class name="test.LoginTest">
        <test-method status="PASS" signature="initialization()[pri:0, instance:test.LoginTest@4c39bec8]" name="initialization" is-config="true" duration-ms="11466" started-at="2020-02-26T02:05:03 CST" finished-at="2020-02-26T02:05:14 CST">
          <reporter-output>
          </reporter-output>
        </test-method> <!-- initialization -->
        <test-method status="PASS" signature="validUserShouldBeAbleToLogin()[pri:0, instance:test.LoginTest@4c39bec8]" name="validUserShouldBeAbleToLogin" duration-ms="12103" started-at="2020-02-26T02:05:14 CST" finished-at="2020-02-26T02:05:27 CST">
          <reporter-output>
          </reporter-output>
        </test-method> <!-- validUserShouldBeAbleToLogin -->
      </class> <!-- test.LoginTest -->
    </test> <!-- Default test -->
  </suite> <!-- Default suite -->
</testng-results>
